2025-09-26 09:59:20.108 | INFO     | __main__:main:505 - Starting aggressive real extraction...
2025-09-26 09:59:20.137 | INFO     | __main__:extract_all_transcripts:100 - Extracting from springfield - game-of-thrones
2025-09-26 09:59:21.172 | SUCCESS  | scrapers.base_scraper:_fetch_tls_client:111 - TLS client fetch successful: https://www.springfieldspringfield.co.uk/episode_scripts.php?tv-show=game-of-thrones
2025-09-26 09:59:21.180 | INFO     | __main__:_parse_springfield:148 - Found 76 episodes to extract
2025-09-26 09:59:21.180 | INFO     | __main__:_parse_springfield:162 - Extracting episode: 1. Winter is Coming
2025-09-26 09:59:21.482 | SUCCESS  | scrapers.base_scraper:_fetch_tls_client:111 - TLS client fetch successful: https://www.springfieldspringfield.co.uk/view_episode_scripts.php?tv-show=game-of-thrones&episode=s01e01
2025-09-26 09:59:22.491 | INFO     | __main__:_parse_springfield:162 - Extracting episode: 2. The Kingsroad
2025-09-26 09:59:23.070 | SUCCESS  | scrapers.base_scraper:_fetch_tls_client:111 - TLS client fetch successful: https://www.springfieldspringfield.co.uk/view_episode_scripts.php?tv-show=game-of-thrones&episode=s01e02
2025-09-26 09:59:24.080 | INFO     | __main__:_parse_springfield:162 - Extracting episode: 3. Lord Snow
2025-09-26 09:59:24.668 | SUCCESS  | scrapers.base_scraper:_fetch_tls_client:111 - TLS client fetch successful: https://www.springfieldspringfield.co.uk/view_episode_scripts.php?tv-show=game-of-thrones&episode=s01e03
2025-09-26 09:59:25.677 | INFO     | __main__:_parse_springfield:162 - Extracting episode: 4. Cripples, Bastards, and Broken Things
2025-09-26 09:59:26.246 | SUCCESS  | scrapers.base_scraper:_fetch_tls_client:111 - TLS client fetch successful: https://www.springfieldspringfield.co.uk/view_episode_scripts.php?tv-show=game-of-thrones&episode=s01e04
2025-09-26 09:59:27.258 | INFO     | __main__:_parse_springfield:162 - Extracting episode: 5. The Wolf and the Lion
2025-09-26 09:59:27.799 | SUCCESS  | scrapers.base_scraper:_fetch_tls_client:111 - TLS client fetch successful: https://www.springfieldspringfield.co.uk/view_episode_scripts.php?tv-show=game-of-thrones&episode=s01e05
2025-09-26 09:59:28.808 | INFO     | __main__:_parse_springfield:162 - Extracting episode: 6. A Golden Crown
2025-09-26 09:59:29.344 | SUCCESS  | scrapers.base_scraper:_fetch_tls_client:111 - TLS client fetch successful: https://www.springfieldspringfield.co.uk/view_episode_scripts.php?tv-show=game-of-thrones&episode=s01e06
2025-09-26 09:59:30.353 | INFO     | __main__:_parse_springfield:162 - Extracting episode: 7. You Win or You Die
2025-09-26 09:59:30.915 | SUCCESS  | scrapers.base_scraper:_fetch_tls_client:111 - TLS client fetch successful: https://www.springfieldspringfield.co.uk/view_episode_scripts.php?tv-show=game-of-thrones&episode=s01e07
2025-09-26 09:59:31.927 | INFO     | __main__:_parse_springfield:162 - Extracting episode: 8. The Pointy End
2025-09-26 09:59:32.552 | SUCCESS  | scrapers.base_scraper:_fetch_tls_client:111 - TLS client fetch successful: https://www.springfieldspringfield.co.uk/view_episode_scripts.php?tv-show=game-of-thrones&episode=s01e08
2025-09-26 09:59:33.560 | INFO     | __main__:_parse_springfield:162 - Extracting episode: 9. Baelor
2025-09-26 09:59:34.099 | SUCCESS  | scrapers.base_scraper:_fetch_tls_client:111 - TLS client fetch successful: https://www.springfieldspringfield.co.uk/view_episode_scripts.php?tv-show=game-of-thrones&episode=s01e09
2025-09-26 09:59:35.108 | INFO     | __main__:_parse_springfield:162 - Extracting episode: 10. Fire and Blood
2025-09-26 09:59:35.644 | SUCCESS  | scrapers.base_scraper:_fetch_tls_client:111 - TLS client fetch successful: https://www.springfieldspringfield.co.uk/view_episode_scripts.php?tv-show=game-of-thrones&episode=s01e10
2025-09-26 09:59:36.654 | INFO     | __main__:_parse_springfield:162 - Extracting episode: 1. The North Remembers
2025-09-26 09:59:37.193 | SUCCESS  | scrapers.base_scraper:_fetch_tls_client:111 - TLS client fetch successful: https://www.springfieldspringfield.co.uk/view_episode_scripts.php?tv-show=game-of-thrones&episode=s02e01
2025-09-26 09:59:38.205 | INFO     | __main__:_parse_springfield:162 - Extracting episode: 2. The Night Lands
2025-09-26 09:59:38.743 | SUCCESS  | scrapers.base_scraper:_fetch_tls_client:111 - TLS client fetch successful: https://www.springfieldspringfield.co.uk/view_episode_scripts.php?tv-show=game-of-thrones&episode=s02e02
2025-09-26 09:59:39.754 | INFO     | __main__:_parse_springfield:162 - Extracting episode: 3. What is Dead May Never Die
2025-09-26 09:59:40.335 | SUCCESS  | scrapers.base_scraper:_fetch_tls_client:111 - TLS client fetch successful: https://www.springfieldspringfield.co.uk/view_episode_scripts.php?tv-show=game-of-thrones&episode=s02e03
2025-09-26 09:59:41.344 | INFO     | __main__:_parse_springfield:162 - Extracting episode: 4. Garden of Bones
2025-09-26 09:59:41.887 | SUCCESS  | scrapers.base_scraper:_fetch_tls_client:111 - TLS client fetch successful: https://www.springfieldspringfield.co.uk/view_episode_scripts.php?tv-show=game-of-thrones&episode=s02e04
2025-09-26 09:59:42.901 | INFO     | __main__:_parse_springfield:162 - Extracting episode: 5. The Ghost of Harrenhal
2025-09-26 09:59:43.438 | SUCCESS  | scrapers.base_scraper:_fetch_tls_client:111 - TLS client fetch successful: https://www.springfieldspringfield.co.uk/view_episode_scripts.php?tv-show=game-of-thrones&episode=s02e05
2025-09-26 09:59:44.457 | INFO     | __main__:_parse_springfield:162 - Extracting episode: 6. The Old Gods and the New
2025-09-26 09:59:44.999 | SUCCESS  | scrapers.base_scraper:_fetch_tls_client:111 - TLS client fetch successful: https://www.springfieldspringfield.co.uk/view_episode_scripts.php?tv-show=game-of-thrones&episode=s02e06
2025-09-26 09:59:46.009 | INFO     | __main__:_parse_springfield:162 - Extracting episode: 7. A Man Without Honor
2025-09-26 09:59:46.582 | SUCCESS  | scrapers.base_scraper:_fetch_tls_client:111 - TLS client fetch successful: https://www.springfieldspringfield.co.uk/view_episode_scripts.php?tv-show=game-of-thrones&episode=s02e07
2025-09-26 09:59:47.594 | INFO     | __main__:_parse_springfield:162 - Extracting episode: 8. The Prince of Winterfell
2025-09-26 09:59:48.129 | SUCCESS  | scrapers.base_scraper:_fetch_tls_client:111 - TLS client fetch successful: https://www.springfieldspringfield.co.uk/view_episode_scripts.php?tv-show=game-of-thrones&episode=s02e08
2025-09-26 09:59:49.143 | INFO     | __main__:_parse_springfield:162 - Extracting episode: 9. Blackwater
2025-09-26 09:59:49.679 | SUCCESS  | scrapers.base_scraper:_fetch_tls_client:111 - TLS client fetch successful: https://www.springfieldspringfield.co.uk/view_episode_scripts.php?tv-show=game-of-thrones&episode=s02e09
2025-09-26 09:59:50.689 | INFO     | __main__:_parse_springfield:162 - Extracting episode: 10. Valar Morghulis
2025-09-26 09:59:51.295 | SUCCESS  | scrapers.base_scraper:_fetch_tls_client:111 - TLS client fetch successful: https://www.springfieldspringfield.co.uk/view_episode_scripts.php?tv-show=game-of-thrones&episode=s02e10
2025-09-26 09:59:52.323 | INFO     | __main__:_parse_springfield:162 - Extracting episode: 1. Valar Dohaeris
2025-09-26 09:59:52.861 | SUCCESS  | scrapers.base_scraper:_fetch_tls_client:111 - TLS client fetch successful: https://www.springfieldspringfield.co.uk/view_episode_scripts.php?tv-show=game-of-thrones&episode=s03e01
2025-09-26 09:59:53.871 | INFO     | __main__:_parse_springfield:162 - Extracting episode: 2. Dark Wings, Dark Words
2025-09-26 09:59:54.415 | SUCCESS  | scrapers.base_scraper:_fetch_tls_client:111 - TLS client fetch successful: https://www.springfieldspringfield.co.uk/view_episode_scripts.php?tv-show=game-of-thrones&episode=s03e02
2025-09-26 09:59:55.428 | INFO     | __main__:_parse_springfield:162 - Extracting episode: 3. Walk of Punishment
2025-09-26 09:59:56.002 | SUCCESS  | scrapers.base_scraper:_fetch_tls_client:111 - TLS client fetch successful: https://www.springfieldspringfield.co.uk/view_episode_scripts.php?tv-show=game-of-thrones&episode=s03e03
2025-09-26 09:59:57.013 | INFO     | __main__:_parse_springfield:162 - Extracting episode: 4. And Now His Watch is Ended
2025-09-26 09:59:57.559 | SUCCESS  | scrapers.base_scraper:_fetch_tls_client:111 - TLS client fetch successful: https://www.springfieldspringfield.co.uk/view_episode_scripts.php?tv-show=game-of-thrones&episode=s03e04
2025-09-26 09:59:58.570 | INFO     | __main__:_parse_springfield:162 - Extracting episode: 5. Kissed by Fire
2025-09-26 09:59:59.109 | SUCCESS  | scrapers.base_scraper:_fetch_tls_client:111 - TLS client fetch successful: https://www.springfieldspringfield.co.uk/view_episode_scripts.php?tv-show=game-of-thrones&episode=s03e05
2025-09-26 10:00:00.121 | INFO     | __main__:_parse_springfield:162 - Extracting episode: 6. The Climb
2025-09-26 10:00:00.658 | SUCCESS  | scrapers.base_scraper:_fetch_tls_client:111 - TLS client fetch successful: https://www.springfieldspringfield.co.uk/view_episode_scripts.php?tv-show=game-of-thrones&episode=s03e06
2025-09-26 10:00:01.672 | INFO     | __main__:_parse_springfield:162 - Extracting episode: 7. The Bear and the Maiden Fair
2025-09-26 10:00:02.208 | SUCCESS  | scrapers.base_scraper:_fetch_tls_client:111 - TLS client fetch successful: https://www.springfieldspringfield.co.uk/view_episode_scripts.php?tv-show=game-of-thrones&episode=s03e07
2025-09-26 10:00:03.220 | INFO     | __main__:_parse_springfield:162 - Extracting episode: 8. Second Sons
2025-09-26 10:00:03.785 | SUCCESS  | scrapers.base_scraper:_fetch_tls_client:111 - TLS client fetch successful: https://www.springfieldspringfield.co.uk/view_episode_scripts.php?tv-show=game-of-thrones&episode=s03e08
2025-09-26 10:00:04.794 | INFO     | __main__:_parse_springfield:162 - Extracting episode: 9. The Rains of Castamere
2025-09-26 10:00:06.734 | SUCCESS  | scrapers.base_scraper:_fetch_tls_client:111 - TLS client fetch successful: https://www.springfieldspringfield.co.uk/view_episode_scripts.php?tv-show=game-of-thrones&episode=s03e09
2025-09-26 10:00:07.744 | INFO     | __main__:_parse_springfield:162 - Extracting episode: 10. Mhysa
2025-09-26 10:00:08.286 | SUCCESS  | scrapers.base_scraper:_fetch_tls_client:111 - TLS client fetch successful: https://www.springfieldspringfield.co.uk/view_episode_scripts.php?tv-show=game-of-thrones&episode=s03e10
2025-09-26 10:00:09.297 | INFO     | __main__:_parse_springfield:162 - Extracting episode: 1. Two Swords
2025-09-26 10:00:09.837 | SUCCESS  | scrapers.base_scraper:_fetch_tls_client:111 - TLS client fetch successful: https://www.springfieldspringfield.co.uk/view_episode_scripts.php?tv-show=game-of-thrones&episode=s04e01
2025-09-26 10:00:10.850 | INFO     | __main__:_parse_springfield:162 - Extracting episode: 2. The Lion and the Rose
2025-09-26 10:00:11.385 | SUCCESS  | scrapers.base_scraper:_fetch_tls_client:111 - TLS client fetch successful: https://www.springfieldspringfield.co.uk/view_episode_scripts.php?tv-show=game-of-thrones&episode=s04e02
2025-09-26 10:00:12.395 | INFO     | __main__:_parse_springfield:162 - Extracting episode: 3. Breaker of Chains
2025-09-26 10:00:13.002 | SUCCESS  | scrapers.base_scraper:_fetch_tls_client:111 - TLS client fetch successful: https://www.springfieldspringfield.co.uk/view_episode_scripts.php?tv-show=game-of-thrones&episode=s04e03
2025-09-26 10:00:14.018 | INFO     | __main__:_parse_springfield:162 - Extracting episode: 4. Oathkeeper
2025-09-26 10:00:14.552 | SUCCESS  | scrapers.base_scraper:_fetch_tls_client:111 - TLS client fetch successful: https://www.springfieldspringfield.co.uk/view_episode_scripts.php?tv-show=game-of-thrones&episode=s04e04
2025-09-26 10:00:15.563 | INFO     | __main__:_parse_springfield:162 - Extracting episode: 5. First of His Name
2025-09-26 10:00:16.103 | SUCCESS  | scrapers.base_scraper:_fetch_tls_client:111 - TLS client fetch successful: https://www.springfieldspringfield.co.uk/view_episode_scripts.php?tv-show=game-of-thrones&episode=s04e05
2025-09-26 10:00:17.112 | INFO     | __main__:_parse_springfield:162 - Extracting episode: 6. The Laws of Gods and Men
2025-09-26 10:00:17.651 | SUCCESS  | scrapers.base_scraper:_fetch_tls_client:111 - TLS client fetch successful: https://www.springfieldspringfield.co.uk/view_episode_scripts.php?tv-show=game-of-thrones&episode=s04e06
2025-09-26 10:00:18.661 | INFO     | __main__:_parse_springfield:162 - Extracting episode: 7. Mockingbird
2025-09-26 10:00:19.249 | SUCCESS  | scrapers.base_scraper:_fetch_tls_client:111 - TLS client fetch successful: https://www.springfieldspringfield.co.uk/view_episode_scripts.php?tv-show=game-of-thrones&episode=s04e07
2025-09-26 10:00:20.266 | INFO     | __main__:_parse_springfield:162 - Extracting episode: 8. The Mountain and the Viper
2025-09-26 10:00:20.885 | SUCCESS  | scrapers.base_scraper:_fetch_tls_client:111 - TLS client fetch successful: https://www.springfieldspringfield.co.uk/view_episode_scripts.php?tv-show=game-of-thrones&episode=s04e08
2025-09-26 10:00:21.898 | INFO     | __main__:_parse_springfield:162 - Extracting episode: 9. The Watchers on the Wall
2025-09-26 10:00:22.433 | SUCCESS  | scrapers.base_scraper:_fetch_tls_client:111 - TLS client fetch successful: https://www.springfieldspringfield.co.uk/view_episode_scripts.php?tv-show=game-of-thrones&episode=s04e09
2025-09-26 10:00:23.442 | INFO     | __main__:_parse_springfield:162 - Extracting episode: 10. The Children
2025-09-26 10:00:23.995 | SUCCESS  | scrapers.base_scraper:_fetch_tls_client:111 - TLS client fetch successful: https://www.springfieldspringfield.co.uk/view_episode_scripts.php?tv-show=game-of-thrones&episode=s04e10
2025-09-26 10:00:25.004 | INFO     | __main__:_parse_springfield:162 - Extracting episode: . A Day in the Life
2025-09-26 10:00:25.599 | SUCCESS  | scrapers.base_scraper:_fetch_tls_client:111 - TLS client fetch successful: https://www.springfieldspringfield.co.uk/view_episode_scripts.php?tv-show=game-of-thrones&episode=s05e00
2025-09-26 10:00:26.612 | INFO     | __main__:_parse_springfield:162 - Extracting episode: 1. The Wars to Come
2025-09-26 10:00:27.149 | SUCCESS  | scrapers.base_scraper:_fetch_tls_client:111 - TLS client fetch successful: https://www.springfieldspringfield.co.uk/view_episode_scripts.php?tv-show=game-of-thrones&episode=s05e01
2025-09-26 10:00:28.159 | INFO     | __main__:_parse_springfield:162 - Extracting episode: 2. The House of Black and White
2025-09-26 10:00:28.697 | SUCCESS  | scrapers.base_scraper:_fetch_tls_client:111 - TLS client fetch successful: https://www.springfieldspringfield.co.uk/view_episode_scripts.php?tv-show=game-of-thrones&episode=s05e02
2025-09-26 10:00:29.707 | INFO     | __main__:_parse_springfield:162 - Extracting episode: 3. High Sparrow
2025-09-26 10:00:30.243 | SUCCESS  | scrapers.base_scraper:_fetch_tls_client:111 - TLS client fetch successful: https://www.springfieldspringfield.co.uk/view_episode_scripts.php?tv-show=game-of-thrones&episode=s05e03
2025-09-26 10:00:31.255 | INFO     | __main__:_parse_springfield:162 - Extracting episode: 4. Sons of the Harpy
2025-09-26 10:00:31.794 | SUCCESS  | scrapers.base_scraper:_fetch_tls_client:111 - TLS client fetch successful: https://www.springfieldspringfield.co.uk/view_episode_scripts.php?tv-show=game-of-thrones&episode=s05e04
2025-09-26 10:00:32.807 | INFO     | __main__:_parse_springfield:162 - Extracting episode: 5. Kill the Boy
2025-09-26 10:00:33.341 | SUCCESS  | scrapers.base_scraper:_fetch_tls_client:111 - TLS client fetch successful: https://www.springfieldspringfield.co.uk/view_episode_scripts.php?tv-show=game-of-thrones&episode=s05e05
2025-09-26 10:00:34.356 | INFO     | __main__:_parse_springfield:162 - Extracting episode: 6. Unbowed, Unbent, Unbroken
2025-09-26 10:00:34.898 | SUCCESS  | scrapers.base_scraper:_fetch_tls_client:111 - TLS client fetch successful: https://www.springfieldspringfield.co.uk/view_episode_scripts.php?tv-show=game-of-thrones&episode=s05e06
2025-09-26 10:00:35.939 | INFO     | __main__:_parse_springfield:162 - Extracting episode: 7. The Gift
2025-09-26 10:00:36.472 | SUCCESS  | scrapers.base_scraper:_fetch_tls_client:111 - TLS client fetch successful: https://www.springfieldspringfield.co.uk/view_episode_scripts.php?tv-show=game-of-thrones&episode=s05e07
2025-09-26 10:00:37.482 | INFO     | __main__:_parse_springfield:162 - Extracting episode: 8. Hardhome
2025-09-26 10:00:38.018 | SUCCESS  | scrapers.base_scraper:_fetch_tls_client:111 - TLS client fetch successful: https://www.springfieldspringfield.co.uk/view_episode_scripts.php?tv-show=game-of-thrones&episode=s05e08
2025-09-26 10:00:39.031 | INFO     | __main__:_parse_springfield:162 - Extracting episode: 9. The Dance of Dragons
2025-09-26 10:00:39.567 | SUCCESS  | scrapers.base_scraper:_fetch_tls_client:111 - TLS client fetch successful: https://www.springfieldspringfield.co.uk/view_episode_scripts.php?tv-show=game-of-thrones&episode=s05e09
2025-09-26 10:00:40.582 | INFO     | __main__:_parse_springfield:162 - Extracting episode: 10. Mother's Mercy
2025-09-26 10:00:41.160 | SUCCESS  | scrapers.base_scraper:_fetch_tls_client:111 - TLS client fetch successful: https://www.springfieldspringfield.co.uk/view_episode_scripts.php?tv-show=game-of-thrones&episode=s05e10
2025-09-26 10:00:42.170 | INFO     | __main__:_parse_springfield:162 - Extracting episode: 1. The Red Woman
2025-09-26 10:00:42.706 | SUCCESS  | scrapers.base_scraper:_fetch_tls_client:111 - TLS client fetch successful: https://www.springfieldspringfield.co.uk/view_episode_scripts.php?tv-show=game-of-thrones&episode=s06e01
2025-09-26 10:00:43.714 | INFO     | __main__:_parse_springfield:162 - Extracting episode: 2. Home
2025-09-26 10:00:44.252 | SUCCESS  | scrapers.base_scraper:_fetch_tls_client:111 - TLS client fetch successful: https://www.springfieldspringfield.co.uk/view_episode_scripts.php?tv-show=game-of-thrones&episode=s06e02
2025-09-26 10:00:45.261 | INFO     | __main__:_parse_springfield:162 - Extracting episode: 3. Oathbreaker
2025-09-26 10:00:45.797 | SUCCESS  | scrapers.base_scraper:_fetch_tls_client:111 - TLS client fetch successful: https://www.springfieldspringfield.co.uk/view_episode_scripts.php?tv-show=game-of-thrones&episode=s06e03
2025-09-26 10:00:46.806 | INFO     | __main__:_parse_springfield:162 - Extracting episode: 4. Book of the Stranger
2025-09-26 10:00:47.345 | SUCCESS  | scrapers.base_scraper:_fetch_tls_client:111 - TLS client fetch successful: https://www.springfieldspringfield.co.uk/view_episode_scripts.php?tv-show=game-of-thrones&episode=s06e04
2025-09-26 10:00:48.355 | INFO     | __main__:_parse_springfield:162 - Extracting episode: 5. The Door
2025-09-26 10:00:48.892 | SUCCESS  | scrapers.base_scraper:_fetch_tls_client:111 - TLS client fetch successful: https://www.springfieldspringfield.co.uk/view_episode_scripts.php?tv-show=game-of-thrones&episode=s06e05
2025-09-26 10:00:49.903 | INFO     | __main__:_parse_springfield:162 - Extracting episode: 6. Blood of My Blood
2025-09-26 10:00:50.482 | SUCCESS  | scrapers.base_scraper:_fetch_tls_client:111 - TLS client fetch successful: https://www.springfieldspringfield.co.uk/view_episode_scripts.php?tv-show=game-of-thrones&episode=s06e06
2025-09-26 10:00:51.499 | INFO     | __main__:_parse_springfield:162 - Extracting episode: 7. The Broken Man
2025-09-26 10:00:52.119 | SUCCESS  | scrapers.base_scraper:_fetch_tls_client:111 - TLS client fetch successful: https://www.springfieldspringfield.co.uk/view_episode_scripts.php?tv-show=game-of-thrones&episode=s06e07
2025-09-26 10:00:53.128 | INFO     | __main__:_parse_springfield:162 - Extracting episode: 8. No One
2025-09-26 10:00:53.697 | SUCCESS  | scrapers.base_scraper:_fetch_tls_client:111 - TLS client fetch successful: https://www.springfieldspringfield.co.uk/view_episode_scripts.php?tv-show=game-of-thrones&episode=s06e08
2025-09-26 10:00:54.707 | INFO     | __main__:_parse_springfield:162 - Extracting episode: 9. Battle of the Bastards
2025-09-26 10:00:55.242 | SUCCESS  | scrapers.base_scraper:_fetch_tls_client:111 - TLS client fetch successful: https://www.springfieldspringfield.co.uk/view_episode_scripts.php?tv-show=game-of-thrones&episode=s06e09
2025-09-26 10:00:56.254 | INFO     | __main__:_parse_springfield:162 - Extracting episode: 10. Winds of Winter
2025-09-26 10:00:56.830 | SUCCESS  | scrapers.base_scraper:_fetch_tls_client:111 - TLS client fetch successful: https://www.springfieldspringfield.co.uk/view_episode_scripts.php?tv-show=game-of-thrones&episode=s06e10
2025-09-26 10:00:57.845 | INFO     | __main__:_parse_springfield:162 - Extracting episode: . The Story So Far
2025-09-26 10:00:58.383 | SUCCESS  | scrapers.base_scraper:_fetch_tls_client:111 - TLS client fetch successful: https://www.springfieldspringfield.co.uk/view_episode_scripts.php?tv-show=game-of-thrones&episode=s07e00
2025-09-26 10:00:59.396 | INFO     | __main__:_parse_springfield:162 - Extracting episode: 1. Dragonstone
2025-09-26 10:00:59.938 | SUCCESS  | scrapers.base_scraper:_fetch_tls_client:111 - TLS client fetch successful: https://www.springfieldspringfield.co.uk/view_episode_scripts.php?tv-show=game-of-thrones&episode=s07e01
2025-09-26 10:01:00.946 | INFO     | __main__:_parse_springfield:162 - Extracting episode: 2. Stormborn
2025-09-26 10:01:01.493 | SUCCESS  | scrapers.base_scraper:_fetch_tls_client:111 - TLS client fetch successful: https://www.springfieldspringfield.co.uk/view_episode_scripts.php?tv-show=game-of-thrones&episode=s07e02
2025-09-26 10:01:02.507 | INFO     | __main__:_parse_springfield:162 - Extracting episode: 3. Queen's Justice
2025-09-26 10:01:03.077 | SUCCESS  | scrapers.base_scraper:_fetch_tls_client:111 - TLS client fetch successful: https://www.springfieldspringfield.co.uk/view_episode_scripts.php?tv-show=game-of-thrones&episode=s07e03
2025-09-26 10:01:04.095 | INFO     | __main__:_parse_springfield:162 - Extracting episode: 4. The Spoils of War
2025-09-26 10:01:04.632 | SUCCESS  | scrapers.base_scraper:_fetch_tls_client:111 - TLS client fetch successful: https://www.springfieldspringfield.co.uk/view_episode_scripts.php?tv-show=game-of-thrones&episode=s07e04
2025-09-26 10:01:05.640 | INFO     | __main__:_parse_springfield:162 - Extracting episode: 5. Eastwatch
2025-09-26 10:01:06.176 | SUCCESS  | scrapers.base_scraper:_fetch_tls_client:111 - TLS client fetch successful: https://www.springfieldspringfield.co.uk/view_episode_scripts.php?tv-show=game-of-thrones&episode=s07e05
2025-09-26 10:01:07.187 | INFO     | __main__:_parse_springfield:162 - Extracting episode: 6. Beyond the Wall
2025-09-26 10:01:07.728 | SUCCESS  | scrapers.base_scraper:_fetch_tls_client:111 - TLS client fetch successful: https://www.springfieldspringfield.co.uk/view_episode_scripts.php?tv-show=game-of-thrones&episode=s07e06
2025-09-26 10:01:08.742 | INFO     | __main__:_parse_springfield:162 - Extracting episode: 7. The Dragon and the Wolf
2025-09-26 10:01:09.277 | SUCCESS  | scrapers.base_scraper:_fetch_tls_client:111 - TLS client fetch successful: https://www.springfieldspringfield.co.uk/view_episode_scripts.php?tv-show=game-of-thrones&episode=s07e07
2025-09-26 10:01:10.295 | INFO     | __main__:_parse_springfield:162 - Extracting episode: 1. Winterfell
2025-09-26 10:01:10.831 | SUCCESS  | scrapers.base_scraper:_fetch_tls_client:111 - TLS client fetch successful: https://www.springfieldspringfield.co.uk/view_episode_scripts.php?tv-show=game-of-thrones&episode=s08e01
2025-09-26 10:01:11.840 | INFO     | __main__:_parse_springfield:162 - Extracting episode: 2. A Knight Of The Seven Kingdoms
2025-09-26 10:01:12.381 | SUCCESS  | scrapers.base_scraper:_fetch_tls_client:111 - TLS client fetch successful: https://www.springfieldspringfield.co.uk/view_episode_scripts.php?tv-show=game-of-thrones&episode=s08e02
2025-09-26 10:01:13.392 | INFO     | __main__:_parse_springfield:162 - Extracting episode: 3. The Long Night
2025-09-26 10:01:14.031 | SUCCESS  | scrapers.base_scraper:_fetch_tls_client:111 - TLS client fetch successful: https://www.springfieldspringfield.co.uk/view_episode_scripts.php?tv-show=game-of-thrones&episode=s08e03
2025-09-26 10:01:15.041 | INFO     | __main__:_parse_springfield:162 - Extracting episode: 4. The Last Of The Starks
2025-09-26 10:01:15.580 | SUCCESS  | scrapers.base_scraper:_fetch_tls_client:111 - TLS client fetch successful: https://www.springfieldspringfield.co.uk/view_episode_scripts.php?tv-show=game-of-thrones&episode=s08e04
2025-09-26 10:01:16.598 | INFO     | __main__:_parse_springfield:162 - Extracting episode: 5. The Bells
2025-09-26 10:01:17.141 | SUCCESS  | scrapers.base_scraper:_fetch_tls_client:111 - TLS client fetch successful: https://www.springfieldspringfield.co.uk/view_episode_scripts.php?tv-show=game-of-thrones&episode=s08e05
2025-09-26 10:01:18.153 | INFO     | __main__:_parse_springfield:162 - Extracting episode: 6. The Iron Throne
2025-09-26 10:01:18.686 | SUCCESS  | scrapers.base_scraper:_fetch_tls_client:111 - TLS client fetch successful: https://www.springfieldspringfield.co.uk/view_episode_scripts.php?tv-show=game-of-thrones&episode=s08e06
2025-09-26 10:01:19.695 | INFO     | __main__:_parse_springfield:162 - Extracting episode: 90. The Last Watch
2025-09-26 10:01:20.244 | SUCCESS  | scrapers.base_scraper:_fetch_tls_client:111 - TLS client fetch successful: https://www.springfieldspringfield.co.uk/view_episode_scripts.php?tv-show=game-of-thrones&episode=s08e90
2025-09-26 10:01:21.299 | SUCCESS  | __main__:extract_all_transcripts:103 - Got 42 scenes from springfield/game-of-thrones
2025-09-26 10:01:21.299 | INFO     | __main__:extract_all_transcripts:100 - Extracting from springfield - better-call-saul
2025-09-26 10:01:24.502 | ERROR    | utils.captcha_solver:_use_flaresolverr:226 - FlareSolverr bypass failed: All connection attempts failed
2025-09-26 10:01:25.079 | DEBUG    | scrapers.base_scraper:_fetch_browser:169 - Browser fetch failed: Binary Location Must be a String
