2025-09-27 20:25:08.694 | INFO     | __main__:extract_character_scenes:33 - Starting extraction for tywin_lannister
2025-09-27 20:25:08.694 | INFO     | __main__:extract_character_scenes:43 - Scraping Game of Thrones from all sources...
2025-09-27 20:25:08.694 | INFO     | scrapers.script_scrapers:scrape_all_sources:271 - Trying springfield for Game of Thrones
2025-09-27 20:25:15.060 | SUCCESS  | utils.captcha_solver:bypass_cloudflare:187 - Cloudflare bypassed successfully
2025-09-27 20:25:15.060 | SUCCESS  | scrapers.base_scraper:_fetch_cloudscraper:133 - Cloudflare bypass successful: https://springfieldspringfield.co.uk/episode_scripts.php?tv-show=game-of-thrones
2025-09-27 20:25:15.068 | INFO     | scrapers.script_scrapers:get_show_episodes:35 - Found 76 episodes for Game of Thrones
2025-09-27 20:25:15.076 | DEBUG    | scrapers.base_scraper:_fetch_tls_client:119 - TLS client attempt 1 failed: failed to do request: Get "https://springfieldspringfield.co.ukview_episode_scripts.php?tv-show=game-of-thrones&episode=s01e01": dial tcp: lookup springfieldspringfield.co.ukview_episode_scripts.php: no such host
2025-09-27 20:25:15.077 | DEBUG    | scrapers.base_scraper:_fetch_tls_client:119 - TLS client attempt 2 failed: failed to do request: Get "https://springfieldspringfield.co.ukview_episode_scripts.php?tv-show=game-of-thrones&episode=s01e01": dial tcp: lookup springfieldspringfield.co.ukview_episode_scripts.php: no such host
2025-09-27 20:25:15.078 | DEBUG    | scrapers.base_scraper:_fetch_tls_client:119 - TLS client attempt 3 failed: failed to do request: Get "https://springfieldspringfield.co.ukview_episode_scripts.php?tv-show=game-of-thrones&episode=s01e01": dial tcp: lookup springfieldspringfield.co.ukview_episode_scripts.php: no such host
2025-09-27 20:25:15.079 | DEBUG    | scrapers.base_scraper:_fetch_tls_client:119 - TLS client attempt 4 failed: failed to do request: Get "https://springfieldspringfield.co.ukview_episode_scripts.php?tv-show=game-of-thrones&episode=s01e01": dial tcp: lookup springfieldspringfield.co.ukview_episode_scripts.php: no such host
2025-09-27 20:25:15.080 | DEBUG    | scrapers.base_scraper:_fetch_tls_client:119 - TLS client attempt 5 failed: failed to do request: Get "https://springfieldspringfield.co.ukview_episode_scripts.php?tv-show=game-of-thrones&episode=s01e01": dial tcp: lookup springfieldspringfield.co.ukview_episode_scripts.php: no such host
2025-09-27 20:25:15.104 | ERROR    | utils.captcha_solver:bypass_cloudflare:194 - Cloudflare bypass failed: HTTPSConnectionPool(host='springfieldspringfield.co.ukview_episode_scripts.php', port=443): Max retries exceeded with url: /?tv-show=game-of-thrones&episode=s01e01 (Caused by NewConnectionError('<urllib3.connection.HTTPSConnection object at 0x11717f7a0>: Failed to establish a new connection: [Errno 8] nodename nor servname provided, or not known'))
2025-09-27 20:25:15.171 | DEBUG    | scrapers.base_scraper:_fetch_tls_client:119 - TLS client attempt 1 failed: failed to do request: Get "https://springfieldspringfield.co.ukview_episode_scripts.php?tv-show=game-of-thrones&episode=s01e02": dial tcp: lookup springfieldspringfield.co.ukview_episode_scripts.php: no such host
2025-09-27 20:25:15.172 | DEBUG    | scrapers.base_scraper:_fetch_tls_client:119 - TLS client attempt 2 failed: failed to do request: Get "https://springfieldspringfield.co.ukview_episode_scripts.php?tv-show=game-of-thrones&episode=s01e02": dial tcp: lookup springfieldspringfield.co.ukview_episode_scripts.php: no such host
2025-09-27 20:25:15.173 | DEBUG    | scrapers.base_scraper:_fetch_tls_client:119 - TLS client attempt 3 failed: failed to do request: Get "https://springfieldspringfield.co.ukview_episode_scripts.php?tv-show=game-of-thrones&episode=s01e02": dial tcp: lookup springfieldspringfield.co.ukview_episode_scripts.php: no such host
2025-09-27 20:25:15.174 | DEBUG    | scrapers.base_scraper:_fetch_tls_client:119 - TLS client attempt 4 failed: failed to do request: Get "https://springfieldspringfield.co.ukview_episode_scripts.php?tv-show=game-of-thrones&episode=s01e02": dial tcp: lookup springfieldspringfield.co.ukview_episode_scripts.php: no such host
2025-09-27 20:25:15.174 | DEBUG    | scrapers.base_scraper:_fetch_tls_client:119 - TLS client attempt 5 failed: failed to do request: Get "https://springfieldspringfield.co.ukview_episode_scripts.php?tv-show=game-of-thrones&episode=s01e02": dial tcp: lookup springfieldspringfield.co.ukview_episode_scripts.php: no such host
2025-09-27 20:25:15.199 | ERROR    | utils.captcha_solver:bypass_cloudflare:194 - Cloudflare bypass failed: HTTPSConnectionPool(host='springfieldspringfield.co.ukview_episode_scripts.php', port=443): Max retries exceeded with url: /?tv-show=game-of-thrones&episode=s01e02 (Caused by NewConnectionError('<urllib3.connection.HTTPSConnection object at 0x1173e54c0>: Failed to establish a new connection: [Errno 8] nodename nor servname provided, or not known'))
2025-09-27 20:25:15.222 | DEBUG    | scrapers.base_scraper:_fetch_tls_client:119 - TLS client attempt 1 failed: failed to do request: Get "https://springfieldspringfield.co.ukview_episode_scripts.php?tv-show=game-of-thrones&episode=s01e03": dial tcp: lookup springfieldspringfield.co.ukview_episode_scripts.php: no such host
2025-09-27 20:25:15.223 | DEBUG    | scrapers.base_scraper:_fetch_tls_client:119 - TLS client attempt 2 failed: failed to do request: Get "https://springfieldspringfield.co.ukview_episode_scripts.php?tv-show=game-of-thrones&episode=s01e03": dial tcp: lookup springfieldspringfield.co.ukview_episode_scripts.php: no such host
2025-09-27 20:25:15.224 | DEBUG    | scrapers.base_scraper:_fetch_tls_client:119 - TLS client attempt 3 failed: failed to do request: Get "https://springfieldspringfield.co.ukview_episode_scripts.php?tv-show=game-of-thrones&episode=s01e03": dial tcp: lookup springfieldspringfield.co.ukview_episode_scripts.php: no such host
2025-09-27 20:25:15.225 | DEBUG    | scrapers.base_scraper:_fetch_tls_client:119 - TLS client attempt 4 failed: failed to do request: Get "https://springfieldspringfield.co.ukview_episode_scripts.php?tv-show=game-of-thrones&episode=s01e03": dial tcp: lookup springfieldspringfield.co.ukview_episode_scripts.php: no such host
2025-09-27 20:25:15.226 | DEBUG    | scrapers.base_scraper:_fetch_tls_client:119 - TLS client attempt 5 failed: failed to do request: Get "https://springfieldspringfield.co.ukview_episode_scripts.php?tv-show=game-of-thrones&episode=s01e03": dial tcp: lookup springfieldspringfield.co.ukview_episode_scripts.php: no such host
2025-09-27 20:25:15.250 | ERROR    | utils.captcha_solver:bypass_cloudflare:194 - Cloudflare bypass failed: HTTPSConnectionPool(host='springfieldspringfield.co.ukview_episode_scripts.php', port=443): Max retries exceeded with url: /?tv-show=game-of-thrones&episode=s01e03 (Caused by NewConnectionError('<urllib3.connection.HTTPSConnection object at 0x1173e63c0>: Failed to establish a new connection: [Errno 8] nodename nor servname provided, or not known'))
2025-09-27 20:25:15.274 | DEBUG    | scrapers.base_scraper:_fetch_tls_client:119 - TLS client attempt 1 failed: failed to do request: Get "https://springfieldspringfield.co.ukview_episode_scripts.php?tv-show=game-of-thrones&episode=s01e04": dial tcp: lookup springfieldspringfield.co.ukview_episode_scripts.php: no such host
2025-09-27 20:25:15.275 | DEBUG    | scrapers.base_scraper:_fetch_tls_client:119 - TLS client attempt 2 failed: failed to do request: Get "https://springfieldspringfield.co.ukview_episode_scripts.php?tv-show=game-of-thrones&episode=s01e04": dial tcp: lookup springfieldspringfield.co.ukview_episode_scripts.php: no such host
2025-09-27 20:25:15.276 | DEBUG    | scrapers.base_scraper:_fetch_tls_client:119 - TLS client attempt 3 failed: failed to do request: Get "https://springfieldspringfield.co.ukview_episode_scripts.php?tv-show=game-of-thrones&episode=s01e04": dial tcp: lookup springfieldspringfield.co.ukview_episode_scripts.php: no such host
2025-09-27 20:25:15.277 | DEBUG    | scrapers.base_scraper:_fetch_tls_client:119 - TLS client attempt 4 failed: failed to do request: Get "https://springfieldspringfield.co.ukview_episode_scripts.php?tv-show=game-of-thrones&episode=s01e04": dial tcp: lookup springfieldspringfield.co.ukview_episode_scripts.php: no such host
2025-09-27 20:25:15.278 | DEBUG    | scrapers.base_scraper:_fetch_tls_client:119 - TLS client attempt 5 failed: failed to do request: Get "https://springfieldspringfield.co.ukview_episode_scripts.php?tv-show=game-of-thrones&episode=s01e04": dial tcp: lookup springfieldspringfield.co.ukview_episode_scripts.php: no such host
2025-09-27 20:25:15.302 | ERROR    | utils.captcha_solver:bypass_cloudflare:194 - Cloudflare bypass failed: HTTPSConnectionPool(host='springfieldspringfield.co.ukview_episode_scripts.php', port=443): Max retries exceeded with url: /?tv-show=game-of-thrones&episode=s01e04 (Caused by NewConnectionError('<urllib3.connection.HTTPSConnection object at 0x1173e73b0>: Failed to establish a new connection: [Errno 8] nodename nor servname provided, or not known'))
2025-09-27 20:25:15.325 | DEBUG    | scrapers.base_scraper:_fetch_tls_client:119 - TLS client attempt 1 failed: failed to do request: Get "https://springfieldspringfield.co.ukview_episode_scripts.php?tv-show=game-of-thrones&episode=s01e05": dial tcp: lookup springfieldspringfield.co.ukview_episode_scripts.php: no such host
2025-09-27 20:25:15.326 | DEBUG    | scrapers.base_scraper:_fetch_tls_client:119 - TLS client attempt 2 failed: failed to do request: Get "https://springfieldspringfield.co.ukview_episode_scripts.php?tv-show=game-of-thrones&episode=s01e05": dial tcp: lookup springfieldspringfield.co.ukview_episode_scripts.php: no such host
2025-09-27 20:25:15.328 | DEBUG    | scrapers.base_scraper:_fetch_tls_client:119 - TLS client attempt 3 failed: failed to do request: Get "https://springfieldspringfield.co.ukview_episode_scripts.php?tv-show=game-of-thrones&episode=s01e05": dial tcp: lookup springfieldspringfield.co.ukview_episode_scripts.php: no such host
2025-09-27 20:25:15.328 | DEBUG    | scrapers.base_scraper:_fetch_tls_client:119 - TLS client attempt 4 failed: failed to do request: Get "https://springfieldspringfield.co.ukview_episode_scripts.php?tv-show=game-of-thrones&episode=s01e05": dial tcp: lookup springfieldspringfield.co.ukview_episode_scripts.php: no such host
2025-09-27 20:25:15.329 | DEBUG    | scrapers.base_scraper:_fetch_tls_client:119 - TLS client attempt 5 failed: failed to do request: Get "https://springfieldspringfield.co.ukview_episode_scripts.php?tv-show=game-of-thrones&episode=s01e05": dial tcp: lookup springfieldspringfield.co.ukview_episode_scripts.php: no such host
2025-09-27 20:25:15.353 | ERROR    | utils.captcha_solver:bypass_cloudflare:194 - Cloudflare bypass failed: HTTPSConnectionPool(host='springfieldspringfield.co.ukview_episode_scripts.php', port=443): Max retries exceeded with url: /?tv-show=game-of-thrones&episode=s01e05 (Caused by NewConnectionError('<urllib3.connection.HTTPSConnection object at 0x1172cc350>: Failed to establish a new connection: [Errno 8] nodename nor servname provided, or not known'))
2025-09-27 20:25:15.378 | ERROR    | utils.captcha_solver:_use_flaresolverr:226 - FlareSolverr bypass failed: All connection attempts failed
2025-09-27 20:25:15.379 | ERROR    | utils.captcha_solver:_use_flaresolverr:226 - FlareSolverr bypass failed: All connection attempts failed
2025-09-27 20:25:15.380 | ERROR    | utils.captcha_solver:_use_flaresolverr:226 - FlareSolverr bypass failed: All connection attempts failed
2025-09-27 20:25:15.381 | ERROR    | utils.captcha_solver:_use_flaresolverr:226 - FlareSolverr bypass failed: All connection attempts failed
2025-09-27 20:25:15.381 | ERROR    | utils.captcha_solver:_use_flaresolverr:226 - FlareSolverr bypass failed: All connection attempts failed
2025-09-27 20:25:16.895 | ERROR    | scrapers.base_scraper:scrape_with_semaphore:279 - Error scraping https://springfieldspringfield.co.ukview_episode_scripts.php?tv-show=game-of-thrones&episode=s01e03: RetryError[<Future at 0x1173e7020 state=finished raised ConnectError>]
2025-09-27 20:25:16.895 | ERROR    | scrapers.base_scraper:scrape_with_semaphore:279 - Error scraping https://springfieldspringfield.co.ukview_episode_scripts.php?tv-show=game-of-thrones&episode=s01e01: RetryError[<Future at 0x1172cd880 state=finished raised ConnectError>]
2025-09-27 20:25:16.896 | ERROR    | scrapers.base_scraper:scrape_with_semaphore:279 - Error scraping https://springfieldspringfield.co.ukview_episode_scripts.php?tv-show=game-of-thrones&episode=s01e05: RetryError[<Future at 0x1172f1c40 state=finished raised ConnectError>]
2025-09-27 20:25:16.896 | ERROR    | scrapers.base_scraper:scrape_with_semaphore:279 - Error scraping https://springfieldspringfield.co.ukview_episode_scripts.php?tv-show=game-of-thrones&episode=s01e04: RetryError[<Future at 0x1172f0b30 state=finished raised ConnectError>]
2025-09-27 20:25:16.897 | ERROR    | scrapers.base_scraper:scrape_with_semaphore:279 - Error scraping https://springfieldspringfield.co.ukview_episode_scripts.php?tv-show=game-of-thrones&episode=s01e02: RetryError[<Future at 0x1072cb0e0 state=finished raised ConnectError>]
2025-09-27 20:25:16.897 | INFO     | scrapers.base_scraper:batch_scrape:288 - Batch scrape complete: 0/5 successful
2025-09-27 20:25:16.897 | INFO     | scrapers.base_scraper:batch_scrape:289 - Success rate: 1/1
2025-09-27 20:25:16.897 | INFO     | scrapers.script_scrapers:scrape_all_sources:271 - Trying 8flix for Game of Thrones
2025-09-27 20:25:22.345 | SUCCESS  | utils.captcha_solver:bypass_cloudflare:187 - Cloudflare bypassed successfully
2025-09-27 20:25:22.346 | SUCCESS  | scrapers.base_scraper:_fetch_cloudscraper:133 - Cloudflare bypass successful: https://8flix.com/search?q=Game+of+Thrones
2025-09-27 20:25:22.367 | ERROR    | scrapers.script_scrapers:scrape_all_sources:286 - Error with 8flix: 'NoneType' object is not subscriptable
2025-09-27 20:25:22.367 | INFO     | scrapers.script_scrapers:scrape_all_sources:271 - Trying subslikescript for Game of Thrones
2025-09-27 20:25:25.813 | SUCCESS  | scrapers.base_scraper:_fetch_tls_client:111 - TLS client fetch successful: https://subslikescript.com/search?q=Game_of_Thrones
2025-09-27 20:25:26.414 | SUCCESS  | scrapers.base_scraper:_fetch_tls_client:111 - TLS client fetch successful: https://subslikescript.com/series/Game_of_Thrones-944947
2025-09-27 20:25:26.418 | INFO     | scrapers.base_scraper:batch_scrape:288 - Batch scrape complete: 0/1 successful
2025-09-27 20:25:26.419 | INFO     | scrapers.base_scraper:batch_scrape:289 - Success rate: 2/2
2025-09-27 20:25:26.419 | WARNING  | __main__:extract_character_scenes:47 - No data found for Game of Thrones
