2025-09-27 20:33:37.976 | INFO     | __main__:extract_character_scenes:33 - Starting extraction for tywin_lannister
2025-09-27 20:33:37.976 | INFO     | __main__:extract_character_scenes:43 - Scraping Game of Thrones from all sources...
2025-09-27 20:33:37.976 | INFO     | scrapers.script_scrapers:scrape_all_sources:285 - Trying springfield for Game of Thrones
2025-09-27 20:33:43.634 | SUCCESS  | utils.captcha_solver:bypass_cloudflare:187 - Cloudflare bypassed successfully
2025-09-27 20:33:43.635 | SUCCESS  | scrapers.base_scraper:_fetch_cloudscraper:133 - Cloudflare bypass successful: https://springfieldspringfield.co.uk/episode_scripts.php?tv-show=game-of-thrones
2025-09-27 20:33:43.644 | INFO     | scrapers.script_scrapers:get_show_episodes:39 - Found 76 episodes for Game of Thrones
2025-09-27 20:33:50.744 | SUCCESS  | utils.captcha_solver:bypass_cloudflare:187 - Cloudflare bypassed successfully
2025-09-27 20:33:50.745 | SUCCESS  | scrapers.base_scraper:_fetch_cloudscraper:133 - Cloudflare bypass successful: https://springfieldspringfield.co.uk/view_episode_scripts.php?tv-show=game-of-thrones&episode=s01e01
2025-09-27 20:33:55.466 | SUCCESS  | utils.captcha_solver:bypass_cloudflare:187 - Cloudflare bypassed successfully
2025-09-27 20:33:55.466 | SUCCESS  | scrapers.base_scraper:_fetch_cloudscraper:133 - Cloudflare bypass successful: https://springfieldspringfield.co.uk/view_episode_scripts.php?tv-show=game-of-thrones&episode=s01e02
2025-09-27 20:34:00.609 | SUCCESS  | utils.captcha_solver:bypass_cloudflare:187 - Cloudflare bypassed successfully
2025-09-27 20:34:00.609 | SUCCESS  | scrapers.base_scraper:_fetch_cloudscraper:133 - Cloudflare bypass successful: https://springfieldspringfield.co.uk/view_episode_scripts.php?tv-show=game-of-thrones&episode=s01e03
2025-09-27 20:34:05.581 | SUCCESS  | utils.captcha_solver:bypass_cloudflare:187 - Cloudflare bypassed successfully
2025-09-27 20:34:05.582 | SUCCESS  | scrapers.base_scraper:_fetch_cloudscraper:133 - Cloudflare bypass successful: https://springfieldspringfield.co.uk/view_episode_scripts.php?tv-show=game-of-thrones&episode=s01e04
2025-09-27 20:34:10.168 | SUCCESS  | utils.captcha_solver:bypass_cloudflare:187 - Cloudflare bypassed successfully
2025-09-27 20:34:10.168 | SUCCESS  | scrapers.base_scraper:_fetch_cloudscraper:133 - Cloudflare bypass successful: https://springfieldspringfield.co.uk/view_episode_scripts.php?tv-show=game-of-thrones&episode=s01e05
2025-09-27 20:34:15.745 | SUCCESS  | utils.captcha_solver:bypass_cloudflare:187 - Cloudflare bypassed successfully
2025-09-27 20:34:15.745 | SUCCESS  | scrapers.base_scraper:_fetch_cloudscraper:133 - Cloudflare bypass successful: https://springfieldspringfield.co.uk/view_episode_scripts.php?tv-show=game-of-thrones&episode=s01e06
2025-09-27 20:34:20.354 | SUCCESS  | utils.captcha_solver:bypass_cloudflare:187 - Cloudflare bypassed successfully
2025-09-27 20:34:20.354 | SUCCESS  | scrapers.base_scraper:_fetch_cloudscraper:133 - Cloudflare bypass successful: https://springfieldspringfield.co.uk/view_episode_scripts.php?tv-show=game-of-thrones&episode=s01e07
2025-09-27 20:34:25.221 | SUCCESS  | utils.captcha_solver:bypass_cloudflare:187 - Cloudflare bypassed successfully
2025-09-27 20:34:25.221 | SUCCESS  | scrapers.base_scraper:_fetch_cloudscraper:133 - Cloudflare bypass successful: https://springfieldspringfield.co.uk/view_episode_scripts.php?tv-show=game-of-thrones&episode=s01e08
2025-09-27 20:34:30.158 | SUCCESS  | utils.captcha_solver:bypass_cloudflare:187 - Cloudflare bypassed successfully
2025-09-27 20:34:30.159 | SUCCESS  | scrapers.base_scraper:_fetch_cloudscraper:133 - Cloudflare bypass successful: https://springfieldspringfield.co.uk/view_episode_scripts.php?tv-show=game-of-thrones&episode=s01e09
2025-09-27 20:34:34.975 | SUCCESS  | utils.captcha_solver:bypass_cloudflare:187 - Cloudflare bypassed successfully
2025-09-27 20:34:34.975 | SUCCESS  | scrapers.base_scraper:_fetch_cloudscraper:133 - Cloudflare bypass successful: https://springfieldspringfield.co.uk/view_episode_scripts.php?tv-show=game-of-thrones&episode=s01e10
2025-09-27 20:34:39.851 | SUCCESS  | utils.captcha_solver:bypass_cloudflare:187 - Cloudflare bypassed successfully
2025-09-27 20:34:39.852 | SUCCESS  | scrapers.base_scraper:_fetch_cloudscraper:133 - Cloudflare bypass successful: https://springfieldspringfield.co.uk/view_episode_scripts.php?tv-show=game-of-thrones&episode=s02e01
2025-09-27 20:34:44.811 | SUCCESS  | utils.captcha_solver:bypass_cloudflare:187 - Cloudflare bypassed successfully
2025-09-27 20:34:44.812 | SUCCESS  | scrapers.base_scraper:_fetch_cloudscraper:133 - Cloudflare bypass successful: https://springfieldspringfield.co.uk/view_episode_scripts.php?tv-show=game-of-thrones&episode=s02e02
2025-09-27 20:34:49.662 | SUCCESS  | utils.captcha_solver:bypass_cloudflare:187 - Cloudflare bypassed successfully
2025-09-27 20:34:49.662 | SUCCESS  | scrapers.base_scraper:_fetch_cloudscraper:133 - Cloudflare bypass successful: https://springfieldspringfield.co.uk/view_episode_scripts.php?tv-show=game-of-thrones&episode=s02e03
2025-09-27 20:34:54.578 | SUCCESS  | utils.captcha_solver:bypass_cloudflare:187 - Cloudflare bypassed successfully
2025-09-27 20:34:54.578 | SUCCESS  | scrapers.base_scraper:_fetch_cloudscraper:133 - Cloudflare bypass successful: https://springfieldspringfield.co.uk/view_episode_scripts.php?tv-show=game-of-thrones&episode=s02e04
2025-09-27 20:34:59.236 | SUCCESS  | utils.captcha_solver:bypass_cloudflare:187 - Cloudflare bypassed successfully
2025-09-27 20:34:59.236 | SUCCESS  | scrapers.base_scraper:_fetch_cloudscraper:133 - Cloudflare bypass successful: https://springfieldspringfield.co.uk/view_episode_scripts.php?tv-show=game-of-thrones&episode=s02e05
2025-09-27 20:35:03.863 | SUCCESS  | utils.captcha_solver:bypass_cloudflare:187 - Cloudflare bypassed successfully
2025-09-27 20:35:03.863 | SUCCESS  | scrapers.base_scraper:_fetch_cloudscraper:133 - Cloudflare bypass successful: https://springfieldspringfield.co.uk/view_episode_scripts.php?tv-show=game-of-thrones&episode=s02e06
2025-09-27 20:35:08.722 | SUCCESS  | utils.captcha_solver:bypass_cloudflare:187 - Cloudflare bypassed successfully
2025-09-27 20:35:08.723 | SUCCESS  | scrapers.base_scraper:_fetch_cloudscraper:133 - Cloudflare bypass successful: https://springfieldspringfield.co.uk/view_episode_scripts.php?tv-show=game-of-thrones&episode=s02e07
2025-09-27 20:35:13.584 | SUCCESS  | utils.captcha_solver:bypass_cloudflare:187 - Cloudflare bypassed successfully
2025-09-27 20:35:13.585 | SUCCESS  | scrapers.base_scraper:_fetch_cloudscraper:133 - Cloudflare bypass successful: https://springfieldspringfield.co.uk/view_episode_scripts.php?tv-show=game-of-thrones&episode=s02e08
2025-09-27 20:35:18.472 | SUCCESS  | utils.captcha_solver:bypass_cloudflare:187 - Cloudflare bypassed successfully
2025-09-27 20:35:18.472 | SUCCESS  | scrapers.base_scraper:_fetch_cloudscraper:133 - Cloudflare bypass successful: https://springfieldspringfield.co.uk/view_episode_scripts.php?tv-show=game-of-thrones&episode=s02e09
2025-09-27 20:35:24.973 | SUCCESS  | utils.captcha_solver:bypass_cloudflare:187 - Cloudflare bypassed successfully
2025-09-27 20:35:24.973 | SUCCESS  | scrapers.base_scraper:_fetch_cloudscraper:133 - Cloudflare bypass successful: https://springfieldspringfield.co.uk/view_episode_scripts.php?tv-show=game-of-thrones&episode=s02e10
2025-09-27 20:35:29.651 | SUCCESS  | utils.captcha_solver:bypass_cloudflare:187 - Cloudflare bypassed successfully
2025-09-27 20:35:29.651 | SUCCESS  | scrapers.base_scraper:_fetch_cloudscraper:133 - Cloudflare bypass successful: https://springfieldspringfield.co.uk/view_episode_scripts.php?tv-show=game-of-thrones&episode=s03e01
2025-09-27 20:35:34.476 | SUCCESS  | utils.captcha_solver:bypass_cloudflare:187 - Cloudflare bypassed successfully
2025-09-27 20:35:34.476 | SUCCESS  | scrapers.base_scraper:_fetch_cloudscraper:133 - Cloudflare bypass successful: https://springfieldspringfield.co.uk/view_episode_scripts.php?tv-show=game-of-thrones&episode=s03e02
2025-09-27 20:35:37.741 | SUCCESS  | utils.captcha_solver:bypass_cloudflare:187 - Cloudflare bypassed successfully
2025-09-27 20:35:37.741 | SUCCESS  | scrapers.base_scraper:_fetch_cloudscraper:133 - Cloudflare bypass successful: https://springfieldspringfield.co.uk/view_episode_scripts.php?tv-show=game-of-thrones&episode=s03e03
2025-09-27 20:35:41.336 | SUCCESS  | utils.captcha_solver:bypass_cloudflare:187 - Cloudflare bypassed successfully
2025-09-27 20:35:41.337 | SUCCESS  | scrapers.base_scraper:_fetch_cloudscraper:133 - Cloudflare bypass successful: https://springfieldspringfield.co.uk/view_episode_scripts.php?tv-show=game-of-thrones&episode=s03e04
2025-09-27 20:35:45.799 | SUCCESS  | utils.captcha_solver:bypass_cloudflare:187 - Cloudflare bypassed successfully
2025-09-27 20:35:45.799 | SUCCESS  | scrapers.base_scraper:_fetch_cloudscraper:133 - Cloudflare bypass successful: https://springfieldspringfield.co.uk/view_episode_scripts.php?tv-show=game-of-thrones&episode=s03e05
2025-09-27 20:35:49.447 | SUCCESS  | utils.captcha_solver:bypass_cloudflare:187 - Cloudflare bypassed successfully
2025-09-27 20:35:49.447 | SUCCESS  | scrapers.base_scraper:_fetch_cloudscraper:133 - Cloudflare bypass successful: https://springfieldspringfield.co.uk/view_episode_scripts.php?tv-show=game-of-thrones&episode=s03e06
2025-09-27 20:35:52.754 | SUCCESS  | utils.captcha_solver:bypass_cloudflare:187 - Cloudflare bypassed successfully
2025-09-27 20:35:52.754 | SUCCESS  | scrapers.base_scraper:_fetch_cloudscraper:133 - Cloudflare bypass successful: https://springfieldspringfield.co.uk/view_episode_scripts.php?tv-show=game-of-thrones&episode=s03e07
2025-09-27 20:35:56.332 | SUCCESS  | utils.captcha_solver:bypass_cloudflare:187 - Cloudflare bypassed successfully
2025-09-27 20:35:56.332 | SUCCESS  | scrapers.base_scraper:_fetch_cloudscraper:133 - Cloudflare bypass successful: https://springfieldspringfield.co.uk/view_episode_scripts.php?tv-show=game-of-thrones&episode=s03e08
2025-09-27 20:35:59.640 | SUCCESS  | utils.captcha_solver:bypass_cloudflare:187 - Cloudflare bypassed successfully
2025-09-27 20:35:59.640 | SUCCESS  | scrapers.base_scraper:_fetch_cloudscraper:133 - Cloudflare bypass successful: https://springfieldspringfield.co.uk/view_episode_scripts.php?tv-show=game-of-thrones&episode=s03e09
2025-09-27 20:36:02.918 | SUCCESS  | utils.captcha_solver:bypass_cloudflare:187 - Cloudflare bypassed successfully
2025-09-27 20:36:02.919 | SUCCESS  | scrapers.base_scraper:_fetch_cloudscraper:133 - Cloudflare bypass successful: https://springfieldspringfield.co.uk/view_episode_scripts.php?tv-show=game-of-thrones&episode=s03e10
2025-09-27 20:36:06.494 | SUCCESS  | utils.captcha_solver:bypass_cloudflare:187 - Cloudflare bypassed successfully
2025-09-27 20:36:06.494 | SUCCESS  | scrapers.base_scraper:_fetch_cloudscraper:133 - Cloudflare bypass successful: https://springfieldspringfield.co.uk/view_episode_scripts.php?tv-show=game-of-thrones&episode=s04e01
2025-09-27 20:36:10.769 | SUCCESS  | utils.captcha_solver:bypass_cloudflare:187 - Cloudflare bypassed successfully
2025-09-27 20:36:10.769 | SUCCESS  | scrapers.base_scraper:_fetch_cloudscraper:133 - Cloudflare bypass successful: https://springfieldspringfield.co.uk/view_episode_scripts.php?tv-show=game-of-thrones&episode=s04e02
2025-09-27 20:36:14.140 | SUCCESS  | utils.captcha_solver:bypass_cloudflare:187 - Cloudflare bypassed successfully
2025-09-27 20:36:14.141 | SUCCESS  | scrapers.base_scraper:_fetch_cloudscraper:133 - Cloudflare bypass successful: https://springfieldspringfield.co.uk/view_episode_scripts.php?tv-show=game-of-thrones&episode=s04e03
2025-09-27 20:36:17.702 | SUCCESS  | utils.captcha_solver:bypass_cloudflare:187 - Cloudflare bypassed successfully
2025-09-27 20:36:17.702 | SUCCESS  | scrapers.base_scraper:_fetch_cloudscraper:133 - Cloudflare bypass successful: https://springfieldspringfield.co.uk/view_episode_scripts.php?tv-show=game-of-thrones&episode=s04e04
2025-09-27 20:36:21.246 | SUCCESS  | utils.captcha_solver:bypass_cloudflare:187 - Cloudflare bypassed successfully
2025-09-27 20:36:21.246 | SUCCESS  | scrapers.base_scraper:_fetch_cloudscraper:133 - Cloudflare bypass successful: https://springfieldspringfield.co.uk/view_episode_scripts.php?tv-show=game-of-thrones&episode=s04e05
2025-09-27 20:36:24.847 | SUCCESS  | utils.captcha_solver:bypass_cloudflare:187 - Cloudflare bypassed successfully
2025-09-27 20:36:24.848 | SUCCESS  | scrapers.base_scraper:_fetch_cloudscraper:133 - Cloudflare bypass successful: https://springfieldspringfield.co.uk/view_episode_scripts.php?tv-show=game-of-thrones&episode=s04e06
2025-09-27 20:36:28.392 | SUCCESS  | utils.captcha_solver:bypass_cloudflare:187 - Cloudflare bypassed successfully
2025-09-27 20:36:28.392 | SUCCESS  | scrapers.base_scraper:_fetch_cloudscraper:133 - Cloudflare bypass successful: https://springfieldspringfield.co.uk/view_episode_scripts.php?tv-show=game-of-thrones&episode=s04e07
2025-09-27 20:36:31.978 | SUCCESS  | utils.captcha_solver:bypass_cloudflare:187 - Cloudflare bypassed successfully
2025-09-27 20:36:31.979 | SUCCESS  | scrapers.base_scraper:_fetch_cloudscraper:133 - Cloudflare bypass successful: https://springfieldspringfield.co.uk/view_episode_scripts.php?tv-show=game-of-thrones&episode=s04e08
2025-09-27 20:36:35.519 | SUCCESS  | utils.captcha_solver:bypass_cloudflare:187 - Cloudflare bypassed successfully
2025-09-27 20:36:35.519 | SUCCESS  | scrapers.base_scraper:_fetch_cloudscraper:133 - Cloudflare bypass successful: https://springfieldspringfield.co.uk/view_episode_scripts.php?tv-show=game-of-thrones&episode=s04e09
2025-09-27 20:36:38.800 | SUCCESS  | utils.captcha_solver:bypass_cloudflare:187 - Cloudflare bypassed successfully
2025-09-27 20:36:38.800 | SUCCESS  | scrapers.base_scraper:_fetch_cloudscraper:133 - Cloudflare bypass successful: https://springfieldspringfield.co.uk/view_episode_scripts.php?tv-show=game-of-thrones&episode=s04e10
2025-09-27 20:36:43.208 | SUCCESS  | utils.captcha_solver:bypass_cloudflare:187 - Cloudflare bypassed successfully
2025-09-27 20:36:43.209 | SUCCESS  | scrapers.base_scraper:_fetch_cloudscraper:133 - Cloudflare bypass successful: https://springfieldspringfield.co.uk/view_episode_scripts.php?tv-show=game-of-thrones&episode=s05e00
2025-09-27 20:36:46.482 | SUCCESS  | utils.captcha_solver:bypass_cloudflare:187 - Cloudflare bypassed successfully
2025-09-27 20:36:46.482 | SUCCESS  | scrapers.base_scraper:_fetch_cloudscraper:133 - Cloudflare bypass successful: https://springfieldspringfield.co.uk/view_episode_scripts.php?tv-show=game-of-thrones&episode=s05e01
2025-09-27 20:36:49.860 | SUCCESS  | utils.captcha_solver:bypass_cloudflare:187 - Cloudflare bypassed successfully
2025-09-27 20:36:49.861 | SUCCESS  | scrapers.base_scraper:_fetch_cloudscraper:133 - Cloudflare bypass successful: https://springfieldspringfield.co.uk/view_episode_scripts.php?tv-show=game-of-thrones&episode=s05e02
2025-09-27 20:36:53.881 | SUCCESS  | utils.captcha_solver:bypass_cloudflare:187 - Cloudflare bypassed successfully
2025-09-27 20:36:53.881 | SUCCESS  | scrapers.base_scraper:_fetch_cloudscraper:133 - Cloudflare bypass successful: https://springfieldspringfield.co.uk/view_episode_scripts.php?tv-show=game-of-thrones&episode=s05e03
2025-09-27 20:36:57.426 | SUCCESS  | utils.captcha_solver:bypass_cloudflare:187 - Cloudflare bypassed successfully
2025-09-27 20:36:57.426 | SUCCESS  | scrapers.base_scraper:_fetch_cloudscraper:133 - Cloudflare bypass successful: https://springfieldspringfield.co.uk/view_episode_scripts.php?tv-show=game-of-thrones&episode=s05e04
2025-09-27 20:37:00.976 | SUCCESS  | utils.captcha_solver:bypass_cloudflare:187 - Cloudflare bypassed successfully
2025-09-27 20:37:00.976 | SUCCESS  | scrapers.base_scraper:_fetch_cloudscraper:133 - Cloudflare bypass successful: https://springfieldspringfield.co.uk/view_episode_scripts.php?tv-show=game-of-thrones&episode=s05e05
2025-09-27 20:37:04.305 | SUCCESS  | utils.captcha_solver:bypass_cloudflare:187 - Cloudflare bypassed successfully
2025-09-27 20:37:04.305 | SUCCESS  | scrapers.base_scraper:_fetch_cloudscraper:133 - Cloudflare bypass successful: https://springfieldspringfield.co.uk/view_episode_scripts.php?tv-show=game-of-thrones&episode=s05e06
2025-09-27 20:37:07.595 | SUCCESS  | utils.captcha_solver:bypass_cloudflare:187 - Cloudflare bypassed successfully
2025-09-27 20:37:07.596 | SUCCESS  | scrapers.base_scraper:_fetch_cloudscraper:133 - Cloudflare bypass successful: https://springfieldspringfield.co.uk/view_episode_scripts.php?tv-show=game-of-thrones&episode=s05e07
2025-09-27 20:37:11.426 | SUCCESS  | utils.captcha_solver:bypass_cloudflare:187 - Cloudflare bypassed successfully
2025-09-27 20:37:11.426 | SUCCESS  | scrapers.base_scraper:_fetch_cloudscraper:133 - Cloudflare bypass successful: https://springfieldspringfield.co.uk/view_episode_scripts.php?tv-show=game-of-thrones&episode=s05e08
2025-09-27 20:37:14.921 | SUCCESS  | utils.captcha_solver:bypass_cloudflare:187 - Cloudflare bypassed successfully
2025-09-27 20:37:14.922 | SUCCESS  | scrapers.base_scraper:_fetch_cloudscraper:133 - Cloudflare bypass successful: https://springfieldspringfield.co.uk/view_episode_scripts.php?tv-show=game-of-thrones&episode=s05e09
2025-09-27 20:37:18.532 | SUCCESS  | utils.captcha_solver:bypass_cloudflare:187 - Cloudflare bypassed successfully
2025-09-27 20:37:18.533 | SUCCESS  | scrapers.base_scraper:_fetch_cloudscraper:133 - Cloudflare bypass successful: https://springfieldspringfield.co.uk/view_episode_scripts.php?tv-show=game-of-thrones&episode=s05e10
2025-09-27 20:37:21.789 | SUCCESS  | utils.captcha_solver:bypass_cloudflare:187 - Cloudflare bypassed successfully
2025-09-27 20:37:21.790 | SUCCESS  | scrapers.base_scraper:_fetch_cloudscraper:133 - Cloudflare bypass successful: https://springfieldspringfield.co.uk/view_episode_scripts.php?tv-show=game-of-thrones&episode=s06e01
2025-09-27 20:37:24.844 | SUCCESS  | utils.captcha_solver:bypass_cloudflare:187 - Cloudflare bypassed successfully
2025-09-27 20:37:24.844 | SUCCESS  | scrapers.base_scraper:_fetch_cloudscraper:133 - Cloudflare bypass successful: https://springfieldspringfield.co.uk/view_episode_scripts.php?tv-show=game-of-thrones&episode=s06e02
2025-09-27 20:37:28.412 | SUCCESS  | utils.captcha_solver:bypass_cloudflare:187 - Cloudflare bypassed successfully
2025-09-27 20:37:28.412 | SUCCESS  | scrapers.base_scraper:_fetch_cloudscraper:133 - Cloudflare bypass successful: https://springfieldspringfield.co.uk/view_episode_scripts.php?tv-show=game-of-thrones&episode=s06e03
2025-09-27 20:37:31.708 | SUCCESS  | utils.captcha_solver:bypass_cloudflare:187 - Cloudflare bypassed successfully
2025-09-27 20:37:31.709 | SUCCESS  | scrapers.base_scraper:_fetch_cloudscraper:133 - Cloudflare bypass successful: https://springfieldspringfield.co.uk/view_episode_scripts.php?tv-show=game-of-thrones&episode=s06e04
2025-09-27 20:37:35.249 | SUCCESS  | utils.captcha_solver:bypass_cloudflare:187 - Cloudflare bypassed successfully
2025-09-27 20:37:35.249 | SUCCESS  | scrapers.base_scraper:_fetch_cloudscraper:133 - Cloudflare bypass successful: https://springfieldspringfield.co.uk/view_episode_scripts.php?tv-show=game-of-thrones&episode=s06e05
2025-09-27 20:37:38.576 | SUCCESS  | utils.captcha_solver:bypass_cloudflare:187 - Cloudflare bypassed successfully
2025-09-27 20:37:38.577 | SUCCESS  | scrapers.base_scraper:_fetch_cloudscraper:133 - Cloudflare bypass successful: https://springfieldspringfield.co.uk/view_episode_scripts.php?tv-show=game-of-thrones&episode=s06e06
2025-09-27 20:37:41.861 | SUCCESS  | utils.captcha_solver:bypass_cloudflare:187 - Cloudflare bypassed successfully
2025-09-27 20:37:41.861 | SUCCESS  | scrapers.base_scraper:_fetch_cloudscraper:133 - Cloudflare bypass successful: https://springfieldspringfield.co.uk/view_episode_scripts.php?tv-show=game-of-thrones&episode=s06e07
2025-09-27 20:37:45.923 | SUCCESS  | utils.captcha_solver:bypass_cloudflare:187 - Cloudflare bypassed successfully
2025-09-27 20:37:45.923 | SUCCESS  | scrapers.base_scraper:_fetch_cloudscraper:133 - Cloudflare bypass successful: https://springfieldspringfield.co.uk/view_episode_scripts.php?tv-show=game-of-thrones&episode=s06e08
2025-09-27 20:37:49.459 | SUCCESS  | utils.captcha_solver:bypass_cloudflare:187 - Cloudflare bypassed successfully
2025-09-27 20:37:49.460 | SUCCESS  | scrapers.base_scraper:_fetch_cloudscraper:133 - Cloudflare bypass successful: https://springfieldspringfield.co.uk/view_episode_scripts.php?tv-show=game-of-thrones&episode=s06e09
2025-09-27 20:37:52.720 | SUCCESS  | utils.captcha_solver:bypass_cloudflare:187 - Cloudflare bypassed successfully
2025-09-27 20:37:52.720 | SUCCESS  | scrapers.base_scraper:_fetch_cloudscraper:133 - Cloudflare bypass successful: https://springfieldspringfield.co.uk/view_episode_scripts.php?tv-show=game-of-thrones&episode=s06e10
2025-09-27 20:37:56.351 | SUCCESS  | utils.captcha_solver:bypass_cloudflare:187 - Cloudflare bypassed successfully
2025-09-27 20:37:56.351 | SUCCESS  | scrapers.base_scraper:_fetch_cloudscraper:133 - Cloudflare bypass successful: https://springfieldspringfield.co.uk/view_episode_scripts.php?tv-show=game-of-thrones&episode=s07e00
2025-09-27 20:37:59.709 | SUCCESS  | utils.captcha_solver:bypass_cloudflare:187 - Cloudflare bypassed successfully
2025-09-27 20:37:59.709 | SUCCESS  | scrapers.base_scraper:_fetch_cloudscraper:133 - Cloudflare bypass successful: https://springfieldspringfield.co.uk/view_episode_scripts.php?tv-show=game-of-thrones&episode=s07e01
2025-09-27 20:38:02.981 | SUCCESS  | utils.captcha_solver:bypass_cloudflare:187 - Cloudflare bypassed successfully
2025-09-27 20:38:02.982 | SUCCESS  | scrapers.base_scraper:_fetch_cloudscraper:133 - Cloudflare bypass successful: https://springfieldspringfield.co.uk/view_episode_scripts.php?tv-show=game-of-thrones&episode=s07e02
2025-09-27 20:38:06.336 | SUCCESS  | utils.captcha_solver:bypass_cloudflare:187 - Cloudflare bypassed successfully
2025-09-27 20:38:06.336 | SUCCESS  | scrapers.base_scraper:_fetch_cloudscraper:133 - Cloudflare bypass successful: https://springfieldspringfield.co.uk/view_episode_scripts.php?tv-show=game-of-thrones&episode=s07e03
2025-09-27 20:38:10.682 | SUCCESS  | utils.captcha_solver:bypass_cloudflare:187 - Cloudflare bypassed successfully
2025-09-27 20:38:10.682 | SUCCESS  | scrapers.base_scraper:_fetch_cloudscraper:133 - Cloudflare bypass successful: https://springfieldspringfield.co.uk/view_episode_scripts.php?tv-show=game-of-thrones&episode=s07e04
2025-09-27 20:38:14.725 | SUCCESS  | utils.captcha_solver:bypass_cloudflare:187 - Cloudflare bypassed successfully
2025-09-27 20:38:14.725 | SUCCESS  | scrapers.base_scraper:_fetch_cloudscraper:133 - Cloudflare bypass successful: https://springfieldspringfield.co.uk/view_episode_scripts.php?tv-show=game-of-thrones&episode=s07e05
2025-09-27 20:38:18.942 | SUCCESS  | utils.captcha_solver:bypass_cloudflare:187 - Cloudflare bypassed successfully
2025-09-27 20:38:18.942 | SUCCESS  | scrapers.base_scraper:_fetch_cloudscraper:133 - Cloudflare bypass successful: https://springfieldspringfield.co.uk/view_episode_scripts.php?tv-show=game-of-thrones&episode=s07e06
2025-09-27 20:38:22.564 | SUCCESS  | utils.captcha_solver:bypass_cloudflare:187 - Cloudflare bypassed successfully
2025-09-27 20:38:22.564 | SUCCESS  | scrapers.base_scraper:_fetch_cloudscraper:133 - Cloudflare bypass successful: https://springfieldspringfield.co.uk/view_episode_scripts.php?tv-show=game-of-thrones&episode=s07e07
2025-09-27 20:38:26.134 | SUCCESS  | utils.captcha_solver:bypass_cloudflare:187 - Cloudflare bypassed successfully
2025-09-27 20:38:26.134 | SUCCESS  | scrapers.base_scraper:_fetch_cloudscraper:133 - Cloudflare bypass successful: https://springfieldspringfield.co.uk/view_episode_scripts.php?tv-show=game-of-thrones&episode=s08e01
2025-09-27 20:38:29.673 | SUCCESS  | utils.captcha_solver:bypass_cloudflare:187 - Cloudflare bypassed successfully
2025-09-27 20:38:29.673 | SUCCESS  | scrapers.base_scraper:_fetch_cloudscraper:133 - Cloudflare bypass successful: https://springfieldspringfield.co.uk/view_episode_scripts.php?tv-show=game-of-thrones&episode=s08e02
2025-09-27 20:38:32.772 | SUCCESS  | utils.captcha_solver:bypass_cloudflare:187 - Cloudflare bypassed successfully
2025-09-27 20:38:32.773 | SUCCESS  | scrapers.base_scraper:_fetch_cloudscraper:133 - Cloudflare bypass successful: https://springfieldspringfield.co.uk/view_episode_scripts.php?tv-show=game-of-thrones&episode=s08e03
2025-09-27 20:38:44.822 | SUCCESS  | utils.captcha_solver:bypass_cloudflare:187 - Cloudflare bypassed successfully
2025-09-27 20:38:44.823 | SUCCESS  | scrapers.base_scraper:_fetch_cloudscraper:133 - Cloudflare bypass successful: https://springfieldspringfield.co.uk/view_episode_scripts.php?tv-show=game-of-thrones&episode=s08e04
2025-09-27 20:38:49.050 | SUCCESS  | utils.captcha_solver:bypass_cloudflare:187 - Cloudflare bypassed successfully
2025-09-27 20:38:49.051 | SUCCESS  | scrapers.base_scraper:_fetch_cloudscraper:133 - Cloudflare bypass successful: https://springfieldspringfield.co.uk/view_episode_scripts.php?tv-show=game-of-thrones&episode=s08e05
2025-09-27 20:38:52.377 | SUCCESS  | utils.captcha_solver:bypass_cloudflare:187 - Cloudflare bypassed successfully
2025-09-27 20:38:52.377 | SUCCESS  | scrapers.base_scraper:_fetch_cloudscraper:133 - Cloudflare bypass successful: https://springfieldspringfield.co.uk/view_episode_scripts.php?tv-show=game-of-thrones&episode=s08e06
2025-09-27 20:38:55.926 | SUCCESS  | utils.captcha_solver:bypass_cloudflare:187 - Cloudflare bypassed successfully
2025-09-27 20:38:55.926 | SUCCESS  | scrapers.base_scraper:_fetch_cloudscraper:133 - Cloudflare bypass successful: https://springfieldspringfield.co.uk/view_episode_scripts.php?tv-show=game-of-thrones&episode=s08e90
2025-09-27 20:38:55.945 | INFO     | scrapers.base_scraper:batch_scrape:288 - Batch scrape complete: 76/76 successful
2025-09-27 20:38:55.945 | INFO     | scrapers.base_scraper:batch_scrape:289 - Success rate: 77/77
2025-09-27 20:38:55.946 | INFO     | scrapers.script_scrapers:scrape_all_sources:285 - Trying 8flix for Game of Thrones
2025-09-27 20:39:02.058 | SUCCESS  | utils.captcha_solver:bypass_cloudflare:187 - Cloudflare bypassed successfully
2025-09-27 20:39:02.059 | SUCCESS  | scrapers.base_scraper:_fetch_cloudscraper:133 - Cloudflare bypass successful: https://8flix.com/search?q=Game+of+Thrones
2025-09-27 20:39:02.079 | INFO     | scrapers.script_scrapers:scrape_all_sources:285 - Trying subslikescript for Game of Thrones
2025-09-27 20:39:02.812 | SUCCESS  | scrapers.base_scraper:_fetch_tls_client:111 - TLS client fetch successful: https://subslikescript.com/search?q=Game_of_Thrones
2025-09-27 20:39:02.813 | INFO     | __main__:extract_character_scenes:50 - Found 76 scripts/episodes
2025-09-27 20:39:02.856 | INFO     | __main__:extract_character_scenes:69 - Extracted 33 scenes for tywin_lannister
